# JRE version: OpenJDK Runtime Environment Temurin-17.0.4.1+1 (17.0.4.1+1) (build 17.0.4.1+1)
# Java VM: OpenJDK 64-Bit Server VM Temurin-17.0.4.1+1 (17.0.4.1+1, mixed mode, emulated-client, tiered, compressed oops, compressed class ptrs, g1 gc, windows-amd64)
GC Precious Log:
 CPUs: 4 total, 4 available
 Memory: 3955M
 Large Page Support: Disabled
 NUMA Support: Disabled
 Compressed Oops: Enabled (32-bit)
 Heap Region Size: 1M
 Heap Min Capacity: 8M
 Heap Initial Capacity: 62M
 Heap Max Capacity: 990M
 Pre-touch: Disabled
 Parallel Workers: 4
 Concurrent Workers: 1
 Concurrent Refinement Workers: 4
 Periodic GC: Disabled
Heap:
 garbage-first heap   total 109568K, used 45314K [0x00000000c2200000, 0x0000000100000000)
  region size 1024K, 6 young (6144K), 6 survivors (6144K)
 Metaspace       used 84369K, committed 84992K, reserved 1122304K
  class space    used 11521K, committed 11840K, reserved 1048576K
GC Heap History (20 events):
Event: 11955.549 GC heap after
{Heap after GC invocations=67 (full 3):
 garbage-first heap   total 109568K, used 47107K [0x00000000c2200000, 0x0000000100000000)
  region size 1024K, 3 young (3072K), 3 survivors (3072K)
 Metaspace       used 84201K, committed 84800K, reserved 1122304K
  class space    used 11498K, committed 11776K, reserved 1048576K
}
Event: 11956.277 GC heap before
{Heap before GC invocations=67 (full 3):
 garbage-first heap   total 109568K, used 87043K [0x00000000c2200000, 0x0000000100000000)
  region size 1024K, 42 young (43008K), 3 survivors (3072K)
 Metaspace       used 84479K, committed 85056K, reserved 1122304K
  class space    used 11517K, committed 11776K, reserved 1048576K
}
Event: 11956.284 GC heap after
{Heap after GC invocations=68 (full 3):
 garbage-first heap   total 109568K, used 48473K [0x00000000c2200000, 0x0000000100000000)
  region size 1024K, 4 young (4096K), 4 survivors (4096K)
 Metaspace       used 84479K, committed 85056K, reserved 1122304K
  class space    used 11517K, committed 11776K, reserved 1048576K
}
Event: 11957.013 GC heap before
{Heap before GC invocations=68 (full 3):
 garbage-first heap   total 109568K, used 87385K [0x00000000c2200000, 0x0000000100000000)
  region size 1024K, 42 young (43008K), 4 survivors (4096K)
 Metaspace       used 84793K, committed 85376K, reserved 1122304K
  class space    used 11537K, committed 11776K, reserved 1048576K
}
Event: 11957.026 GC heap after
{Heap after GC invocations=69 (full 3):
 garbage-first heap   total 109568K, used 50624K [0x00000000c2200000, 0x0000000100000000)
  region size 1024K, 5 young (5120K), 5 survivors (5120K)
 Metaspace       used 84793K, committed 85376K, reserved 1122304K
  class space    used 11537K, committed 11776K, reserved 1048576K
}
Event: 11973.352 GC heap before
{Heap before GC invocations=69 (full 3):
 garbage-first heap   total 109568K, used 76224K [0x00000000c2200000, 0x0000000100000000)
  region size 1024K, 31 young (31744K), 5 survivors (5120K)
 Metaspace       used 84827K, committed 85376K, reserved 1122304K
  class space    used 11543K, committed 11776K, reserved 1048576K
}
Event: 11973.660 GC heap after
{Heap after GC invocations=70 (full 4):
 garbage-first heap   total 109568K, used 42005K [0x00000000c2200000, 0x0000000100000000)
  region size 1024K, 0 young (0K), 0 survivors (0K)
 Metaspace       used 83953K, committed 85120K, reserved 1122304K
  class space    used 11477K, committed 11776K, reserved 1048576K
}
Event: 11976.299 GC heap before
{Heap before GC invocations=70 (full 4):
 garbage-first heap   total 109568K, used 87061K [0x00000000c2200000, 0x0000000100000000)
  region size 1024K, 44 young (45056K), 0 survivors (0K)
 Metaspace       used 84161K, committed 85120K, reserved 1122304K
  class space    used 11495K, committed 11776K, reserved 1048576K
}
Event: 11976.315 GC heap after
{Heap after GC invocations=71 (full 4):
 garbage-first heap   total 109568K, used 46007K [0x00000000c2200000, 0x0000000100000000)
  region size 1024K, 4 young (4096K), 4 survivors (4096K)
 Metaspace       used 84161K, committed 85120K, reserved 1122304K
  class space    used 11495K, committed 11776K, reserved 1048576K
}
Event: 11979.200 GC heap before
{Heap before GC invocations=71 (full 4):
 garbage-first heap   total 109568K, used 86967K [0x00000000c2200000, 0x0000000100000000)
  region size 1024K, 44 young (45056K), 4 survivors (4096K)
 Metaspace       used 84247K, committed 85120K, reserved 1122304K
  class space    used 11507K, committed 11776K, reserved 1048576K
}
Event: 11979.218 GC heap after
{Heap after GC invocations=72 (full 4):
 garbage-first heap   total 109568K, used 47339K [0x00000000c2200000, 0x0000000100000000)
  region size 1024K, 3 young (3072K), 3 survivors (3072K)
 Metaspace       used 84247K, committed 85120K, reserved 1122304K
  class space    used 11507K, committed 11776K, reserved 1048576K
}
Event: 11980.645 GC heap before
{Heap before GC invocations=72 (full 4):
 garbage-first heap   total 109568K, used 86251K [0x00000000c2200000, 0x0000000100000000)
  region size 1024K, 41 young (41984K), 3 survivors (3072K)
 Metaspace       used 84520K, committed 85120K, reserved 1122304K
  class space    used 11524K, committed 11776K, reserved 1048576K
}
Event: 11980.659 GC heap after
{Heap after GC invocations=73 (full 4):
 garbage-first heap   total 109568K, used 48519K [0x00000000c2200000, 0x0000000100000000)
  region size 1024K, 4 young (4096K), 4 survivors (4096K)
 Metaspace       used 84520K, committed 85120K, reserved 1122304K
  class space    used 11524K, committed 11776K, reserved 1048576K
}
Event: 11982.031 GC heap before
{Heap before GC invocations=73 (full 4):
 garbage-first heap   total 109568K, used 87431K [0x00000000c2200000, 0x0000000100000000)
  region size 1024K, 42 young (43008K), 4 survivors (4096K)
 Metaspace       used 84841K, committed 85440K, reserved 1122304K
  class space    used 11547K, committed 11840K, reserved 1048576K
}
Event: 11982.044 GC heap after
{Heap after GC invocations=74 (full 4):
 garbage-first heap   total 109568K, used 49773K [0x00000000c2200000, 0x0000000100000000)
  region size 1024K, 5 young (5120K), 5 survivors (5120K)
 Metaspace       used 84841K, committed 85440K, reserved 1122304K
  class space    used 11547K, committed 11840K, reserved 1048576K
}
Event: 12008.570 GC heap before
{Heap before GC invocations=74 (full 4):
 garbage-first heap   total 109568K, used 70253K [0x00000000c2200000, 0x0000000100000000)
  region size 1024K, 26 young (26624K), 5 survivors (5120K)
 Metaspace       used 84864K, committed 85504K, reserved 1122304K
  class space    used 11551K, committed 11840K, reserved 1048576K
}
Event: 12009.453 GC heap after
{Heap after GC invocations=75 (full 5):
 garbage-first heap   total 109568K, used 40029K [0x00000000c2200000, 0x0000000100000000)
  region size 1024K, 0 young (0K), 0 survivors (0K)
 Metaspace       used 83993K, committed 84992K, reserved 1122304K
  class space    used 11484K, committed 11840K, reserved 1048576K
}
Event: 12012.039 GC heap before
{Heap before GC invocations=75 (full 5):
 garbage-first heap   total 109568K, used 88157K [0x00000000c2200000, 0x0000000100000000)
  region size 1024K, 47 young (48128K), 0 survivors (0K)
 Metaspace       used 84194K, committed 84992K, reserved 1122304K
  class space    used 11501K, committed 11840K, reserved 1048576K
}
Event: 12012.056 GC heap after
{Heap after GC invocations=76 (full 5):
 garbage-first heap   total 109568K, used 43500K [0x00000000c2200000, 0x0000000100000000)
  region size 1024K, 4 young (4096K), 4 survivors (4096K)
 Metaspace       used 84194K, committed 84992K, reserved 1122304K
  class space    used 11501K, committed 11840K, reserved 1048576K
}
Event: 12016.183 GC heap before
{Heap before GC invocations=76 (full 5):
 garbage-first heap   total 109568K, used 88556K [0x00000000c2200000, 0x0000000100000000)
  region size 1024K, 47 young (48128K), 4 survivors (4096K)
 Metaspace       used 84369K, committed 84992K, reserved 1122304K
  class space    used 11521K, committed 11840K, reserved 1048576K
}

